<?xml version="1.0" encoding="UTF-8"?>
<testng-results ignored="0" total="1" passed="1" failed="0" skipped="0">
  <reporter-output>
  </reporter-output>
  <suite started-at="2022-02-12T21:34:29 IST" name="Default suite" finished-at="2022-02-12T21:37:02 IST" duration-ms="153455">
    <groups>
    </groups>
    <test started-at="2022-02-12T21:34:29 IST" name="Default test" finished-at="2022-02-12T21:37:02 IST" duration-ms="153455">
      <class name="Employer.FillingBusinessDetails">
        <test-method is-config="true" signature="OpenBrowser()[pri:0, instance:Employer.FillingBusinessDetails@6da21078]" started-at="2022-02-12T21:34:29 IST" name="OpenBrowser" finished-at="2022-02-12T21:34:37 IST" duration-ms="8088" status="PASS">
          <reporter-output>
          </reporter-output>
        </test-method> <!-- OpenBrowser -->
        <test-method signature="testFillingBusinessDetails()[pri:0, instance:Employer.FillingBusinessDetails@6da21078]" started-at="2022-02-12T21:34:37 IST" name="testFillingBusinessDetails" finished-at="2022-02-12T21:37:02 IST" duration-ms="144744" status="PASS">
          <reporter-output>
          </reporter-output>
        </test-method> <!-- testFillingBusinessDetails -->
        <test-method is-config="true" signature="CloseBrowser()[pri:0, instance:Employer.FillingBusinessDetails@6da21078]" started-at="2022-02-12T21:37:02 IST" name="CloseBrowser" finished-at="2022-02-12T21:37:02 IST" duration-ms="545" status="PASS">
          <reporter-output>
          </reporter-output>
        </test-method> <!-- CloseBrowser -->
      </class> <!-- Employer.FillingBusinessDetails -->
    </test> <!-- Default test -->
  </suite> <!-- Default suite -->
</testng-results>
